Analysis & Synthesis report for a320hd
Fri Mar 06 18:00:03 2015
Quartus II Version 9.1 Build 222 10/21/2009 SJ Full Version


---------------------
; Table of Contents ;
---------------------
  1. Legal Notice
  2. Analysis & Synthesis Summary
  3. Analysis & Synthesis Settings
  4. Analysis & Synthesis Source Files Read
  5. Analysis & Synthesis Resource Usage Summary
  6. Analysis & Synthesis Resource Utilization by Entity
  7. State Machine - |a320hd|state
  8. Registers Removed During Synthesis
  9. General Register Statistics
 10. Multiplexer Restructuring Statistics (Restructuring Performed)
 11. Analysis & Synthesis Messages



----------------
; Legal Notice ;
----------------
Copyright (C) 1991-2009 Altera Corporation
Your use of Altera Corporation's design tools, logic functions 
and other software and tools, and its AMPP partner logic 
functions, and any output files from any of the foregoing 
(including device programming or simulation files), and any 
associated documentation or information are expressly subject 
to the terms and conditions of the Altera Program License 
Subscription Agreement, Altera MegaCore Function License 
Agreement, or other applicable license agreement, including, 
without limitation, that your use is for the sole purpose of 
programming logic devices manufactured by Altera and sold by 
Altera or its authorized distributors.  Please refer to the 
applicable agreement for further details.



+------------------------------------------------------------------------+
; Analysis & Synthesis Summary                                           ;
+-----------------------------+------------------------------------------+
; Analysis & Synthesis Status ; Successful - Fri Mar 06 18:00:03 2015    ;
; Quartus II Version          ; 9.1 Build 222 10/21/2009 SJ Full Version ;
; Revision Name               ; a320hd                                   ;
; Top-level Entity Name       ; a320hd                                   ;
; Family                      ; MAX II                                   ;
; Total logic elements        ; 416                                      ;
; Total pins                  ; 46                                       ;
; Total virtual pins          ; 0                                        ;
; UFM blocks                  ; 0 / 1 ( 0 % )                            ;
+-----------------------------+------------------------------------------+


+----------------------------------------------------------------------------------------------------------------------+
; Analysis & Synthesis Settings                                                                                        ;
+----------------------------------------------------------------------------+--------------------+--------------------+
; Option                                                                     ; Setting            ; Default Value      ;
+----------------------------------------------------------------------------+--------------------+--------------------+
; Device                                                                     ; EPM570T100C5       ;                    ;
; Top-level entity name                                                      ; a320hd             ; a320hd             ;
; Family name                                                                ; MAX II             ; Stratix II         ;
; Use Generated Physical Constraints File                                    ; Off                ;                    ;
; Use smart compilation                                                      ; Off                ; Off                ;
; Enable parallel Assembler and TimeQuest Timing Analyzer during compilation ; On                 ; On                 ;
; Enable compact report table                                                ; Off                ; Off                ;
; Restructure Multiplexers                                                   ; Auto               ; Auto               ;
; Create Debugging Nodes for IP Cores                                        ; Off                ; Off                ;
; Preserve fewer node names                                                  ; On                 ; On                 ;
; Disable OpenCore Plus hardware evaluation                                  ; Off                ; Off                ;
; Verilog Version                                                            ; Verilog_2001       ; Verilog_2001       ;
; VHDL Version                                                               ; VHDL_1993          ; VHDL_1993          ;
; State Machine Processing                                                   ; Auto               ; Auto               ;
; Safe State Machine                                                         ; Off                ; Off                ;
; Extract Verilog State Machines                                             ; On                 ; On                 ;
; Extract VHDL State Machines                                                ; On                 ; On                 ;
; Ignore Verilog initial constructs                                          ; Off                ; Off                ;
; Iteration limit for constant Verilog loops                                 ; 5000               ; 5000               ;
; Iteration limit for non-constant Verilog loops                             ; 250                ; 250                ;
; Add Pass-Through Logic to Inferred RAMs                                    ; On                 ; On                 ;
; Parallel Synthesis                                                         ; On                 ; On                 ;
; NOT Gate Push-Back                                                         ; On                 ; On                 ;
; Power-Up Don't Care                                                        ; On                 ; On                 ;
; Remove Redundant Logic Cells                                               ; Off                ; Off                ;
; Remove Duplicate Registers                                                 ; On                 ; On                 ;
; Ignore CARRY Buffers                                                       ; Off                ; Off                ;
; Ignore CASCADE Buffers                                                     ; Off                ; Off                ;
; Ignore GLOBAL Buffers                                                      ; Off                ; Off                ;
; Ignore ROW GLOBAL Buffers                                                  ; Off                ; Off                ;
; Ignore LCELL Buffers                                                       ; Off                ; Off                ;
; Ignore SOFT Buffers                                                        ; On                 ; On                 ;
; Limit AHDL Integers to 32 Bits                                             ; Off                ; Off                ;
; Optimization Technique                                                     ; Balanced           ; Balanced           ;
; Carry Chain Length                                                         ; 70                 ; 70                 ;
; Auto Carry Chains                                                          ; On                 ; On                 ;
; Auto Open-Drain Pins                                                       ; On                 ; On                 ;
; Perform WYSIWYG Primitive Resynthesis                                      ; Off                ; Off                ;
; Auto Shift Register Replacement                                            ; Auto               ; Auto               ;
; Auto Clock Enable Replacement                                              ; On                 ; On                 ;
; Allow Synchronous Control Signals                                          ; On                 ; On                 ;
; Force Use of Synchronous Clear Signals                                     ; Off                ; Off                ;
; Auto Resource Sharing                                                      ; Off                ; Off                ;
; Use LogicLock Constraints during Resource Balancing                        ; On                 ; On                 ;
; Ignore translate_off and synthesis_off directives                          ; Off                ; Off                ;
; Show Parameter Settings Tables in Synthesis Report                         ; On                 ; On                 ;
; Ignore Maximum Fan-Out Assignments                                         ; Off                ; Off                ;
; Synchronization Register Chain Length                                      ; 2                  ; 2                  ;
; PowerPlay Power Optimization                                               ; Normal compilation ; Normal compilation ;
; HDL message level                                                          ; Level2             ; Level2             ;
; Suppress Register Optimization Related Messages                            ; Off                ; Off                ;
; Number of Removed Registers Reported in Synthesis Report                   ; 100                ; 100                ;
; Number of Inverted Registers Reported in Synthesis Report                  ; 100                ; 100                ;
; Clock MUX Protection                                                       ; On                 ; On                 ;
; Block Design Naming                                                        ; Auto               ; Auto               ;
; Synthesis Effort                                                           ; Auto               ; Auto               ;
; Shift Register Replacement - Allow Asynchronous Clear Signal               ; On                 ; On                 ;
; Analysis & Synthesis Message Level                                         ; Medium             ; Medium             ;
; Disable Register Merging Across Hierarchies                                ; Auto               ; Auto               ;
+----------------------------------------------------------------------------+--------------------+--------------------+


+---------------------------------------------------------------------------------------------------------------------------------------------------------+
; Analysis & Synthesis Source Files Read                                                                                                                  ;
+----------------------------------+-----------------+-----------------+----------------------------------------------------------------------------------+
; File Name with User-Entered Path ; Used in Netlist ; File Type       ; File Name with Absolute Path                                                     ;
+----------------------------------+-----------------+-----------------+----------------------------------------------------------------------------------+
; a320hd.vhd                       ; yes             ; User VHDL File  ; C:/Documents and Settings/Administrator/Desktop/a320_lcd_320x480/vhdl/a320hd.vhd ;
+----------------------------------+-----------------+-----------------+----------------------------------------------------------------------------------+


+-----------------------------------------------------+
; Analysis & Synthesis Resource Usage Summary         ;
+---------------------------------------------+-------+
; Resource                                    ; Usage ;
+---------------------------------------------+-------+
; Total logic elements                        ; 416   ;
;     -- Combinational with no register       ; 294   ;
;     -- Register only                        ; 1     ;
;     -- Combinational with a register        ; 121   ;
;                                             ;       ;
; Logic element usage by number of LUT inputs ;       ;
;     -- 4 input functions                    ; 226   ;
;     -- 3 input functions                    ; 31    ;
;     -- 2 input functions                    ; 155   ;
;     -- 1 input functions                    ; 3     ;
;     -- 0 input functions                    ; 0     ;
;                                             ;       ;
; Logic elements by mode                      ;       ;
;     -- normal mode                          ; 324   ;
;     -- arithmetic mode                      ; 92    ;
;     -- qfbk mode                            ; 0     ;
;     -- register cascade mode                ; 0     ;
;     -- synchronous clear/load mode          ; 6     ;
;     -- asynchronous clear/load mode         ; 0     ;
;                                             ;       ;
; Total registers                             ; 122   ;
; Total logic cells in carry chains           ; 95    ;
; I/O pins                                    ; 46    ;
; Maximum fan-out node                        ; clk   ;
; Maximum fan-out                             ; 122   ;
; Total fan-out                               ; 1542  ;
; Average fan-out                             ; 3.34  ;
+---------------------------------------------+-------+


+----------------------------------------------------------------------------------------------------------------------------------------------------------------------------------------------------------------------+
; Analysis & Synthesis Resource Utilization by Entity                                                                                                                                                                  ;
+----------------------------+-------------+--------------+------------+------+--------------+--------------+-------------------+------------------+-----------------+------------+---------------------+--------------+
; Compilation Hierarchy Node ; Logic Cells ; LC Registers ; UFM Blocks ; Pins ; Virtual Pins ; LUT-Only LCs ; Register-Only LCs ; LUT/Register LCs ; Carry Chain LCs ; Packed LCs ; Full Hierarchy Name ; Library Name ;
+----------------------------+-------------+--------------+------------+------+--------------+--------------+-------------------+------------------+-----------------+------------+---------------------+--------------+
; |a320hd                    ; 416 (416)   ; 122          ; 0          ; 46   ; 0            ; 294 (294)    ; 1 (1)             ; 121 (121)        ; 95 (95)         ; 0 (0)      ; |a320hd             ; work         ;
+----------------------------+-------------+--------------+------------+------+--------------+--------------+-------------------+------------------+-----------------+------------+---------------------+--------------+
Note: For table entries with two numbers listed, the numbers in parentheses indicate the number of resources of the given type used by the specific entity alone. The numbers listed outside of parentheses indicate the total resources of the given type used by the specific entity and all of its sub-entities in the hierarchy.


Encoding Type:  One-Hot
+-----------------------------------------------------------------------------------------------------------------------------------------------+
; State Machine - |a320hd|state                                                                                                                 ;
+----------------------+-------------+----------------------+-------------------+------------+----------------+----------------+----------------+
; Name                 ; state.delay ; state.gui_draw_color ; state.gui_set_pos ; state.init ; state.powerup3 ; state.powerup2 ; state.powerup1 ;
+----------------------+-------------+----------------------+-------------------+------------+----------------+----------------+----------------+
; state.powerup1       ; 0           ; 0                    ; 0                 ; 0          ; 0              ; 0              ; 0              ;
; state.powerup2       ; 0           ; 0                    ; 0                 ; 0          ; 0              ; 1              ; 1              ;
; state.powerup3       ; 0           ; 0                    ; 0                 ; 0          ; 1              ; 0              ; 1              ;
; state.init           ; 0           ; 0                    ; 0                 ; 1          ; 0              ; 0              ; 1              ;
; state.gui_set_pos    ; 0           ; 0                    ; 1                 ; 0          ; 0              ; 0              ; 1              ;
; state.gui_draw_color ; 0           ; 1                    ; 0                 ; 0          ; 0              ; 0              ; 1              ;
; state.delay          ; 1           ; 0                    ; 0                 ; 0          ; 0              ; 0              ; 1              ;
+----------------------+-------------+----------------------+-------------------+------------+----------------+----------------+----------------+


+--------------------------------------------------------------------------------+
; Registers Removed During Synthesis                                             ;
+---------------------------------------+----------------------------------------+
; Register name                         ; Reason for Removal                     ;
+---------------------------------------+----------------------------------------+
; new_rd~reg0                           ; Stuck at VCC due to stuck port data_in ;
; color[0]                              ; Stuck at GND due to stuck port data_in ;
; Total Number of Removed Registers = 2 ;                                        ;
+---------------------------------------+----------------------------------------+


+------------------------------------------------------+
; General Register Statistics                          ;
+----------------------------------------------+-------+
; Statistic                                    ; Value ;
+----------------------------------------------+-------+
; Total registers                              ; 122   ;
; Number of registers using Synchronous Clear  ; 0     ;
; Number of registers using Synchronous Load   ; 6     ;
; Number of registers using Asynchronous Clear ; 0     ;
; Number of registers using Asynchronous Load  ; 0     ;
; Number of registers using Clock Enable       ; 77    ;
; Number of registers using Preset             ; 0     ;
+----------------------------------------------+-------+


+------------------------------------------------------------------------------------------------------------------------------------------+
; Multiplexer Restructuring Statistics (Restructuring Performed)                                                                           ;
+--------------------+-----------+---------------+----------------------+------------------------+------------+----------------------------+
; Multiplexer Inputs ; Bus Width ; Baseline Area ; Area if Restructured ; Saving if Restructured ; Registered ; Example Multiplexer Output ;
+--------------------+-----------+---------------+----------------------+------------------------+------------+----------------------------+
; 5:1                ; 4 bits    ; 12 LEs        ; 4 LEs                ; 8 LEs                  ; Yes        ; |a320hd|new_data[7]~reg0   ;
; 7:1                ; 4 bits    ; 16 LEs        ; 8 LEs                ; 8 LEs                  ; Yes        ; |a320hd|new_data[5]~reg0   ;
; 12:1               ; 31 bits   ; 248 LEs       ; 31 LEs               ; 217 LEs                ; Yes        ; |a320hd|color[22]          ;
; 14:1               ; 32 bits   ; 288 LEs       ; 32 LEs               ; 256 LEs                ; Yes        ; |a320hd|cmd_index[15]      ;
; 78:1               ; 3 bits    ; 156 LEs       ; 99 LEs               ; 57 LEs                 ; Yes        ; |a320hd|new_data[8]~reg0   ;
; 78:1               ; 3 bits    ; 156 LEs       ; 108 LEs              ; 48 LEs                 ; Yes        ; |a320hd|new_data[13]~reg0  ;
; 11:1               ; 31 bits   ; 217 LEs       ; 31 LEs               ; 186 LEs                ; Yes        ; |a320hd|clk_count[22]      ;
; 24:1               ; 5 bits    ; 80 LEs        ; 20 LEs               ; 60 LEs                 ; No         ; |a320hd|Selector37         ;
; 26:1               ; 2 bits    ; 34 LEs        ; 4 LEs                ; 30 LEs                 ; No         ; |a320hd|Selector38         ;
+--------------------+-----------+---------------+----------------------+------------------------+------------+----------------------------+


+-------------------------------+
; Analysis & Synthesis Messages ;
+-------------------------------+
Info: *******************************************************************
Info: Running Quartus II Analysis & Synthesis
    Info: Version 9.1 Build 222 10/21/2009 SJ Full Version
    Info: Processing started: Fri Mar 06 17:59:59 2015
Info: Command: quartus_map --read_settings_files=on --write_settings_files=off a320hd -c a320hd
Info: Only one processor detected - disabling parallel compilation
Info: Found 2 design units, including 1 entities, in source file a320hd.vhd
    Info: Found design unit 1: a320hd-main
    Info: Found entity 1: a320hd
Info: Elaborating entity "a320hd" for the top level hierarchy
Warning (10541): VHDL Signal Declaration warning at a320hd.vhd(20): used implicit default value for signal "new_frame" because signal was never assigned a value or an explicit default value. Use of implicit default value may introduce unintended design optimizations.
Warning: Output pins are stuck at VCC or GND
    Warning (13410): Pin "new_rd" is stuck at VCC
    Warning (13410): Pin "new_frame" is stuck at GND
Warning: Design contains 23 input pin(s) that do not drive logic
    Warning (15610): No output dependent on input pin "old_data[15]"
    Warning (15610): No output dependent on input pin "old_data[14]"
    Warning (15610): No output dependent on input pin "old_data[13]"
    Warning (15610): No output dependent on input pin "old_data[12]"
    Warning (15610): No output dependent on input pin "old_data[11]"
    Warning (15610): No output dependent on input pin "old_data[10]"
    Warning (15610): No output dependent on input pin "old_data[9]"
    Warning (15610): No output dependent on input pin "old_data[8]"
    Warning (15610): No output dependent on input pin "old_data[7]"
    Warning (15610): No output dependent on input pin "old_data[6]"
    Warning (15610): No output dependent on input pin "old_data[5]"
    Warning (15610): No output dependent on input pin "old_data[4]"
    Warning (15610): No output dependent on input pin "old_data[3]"
    Warning (15610): No output dependent on input pin "old_data[2]"
    Warning (15610): No output dependent on input pin "old_data[1]"
    Warning (15610): No output dependent on input pin "old_data[0]"
    Warning (15610): No output dependent on input pin "old_cs"
    Warning (15610): No output dependent on input pin "old_rs"
    Warning (15610): No output dependent on input pin "old_wr"
    Warning (15610): No output dependent on input pin "old_rd"
    Warning (15610): No output dependent on input pin "old_rst"
    Warning (15610): No output dependent on input pin "pd3"
    Warning (15610): No output dependent on input pin "pd4"
Info: Implemented 462 device resources after synthesis - the final resource count might be different
    Info: Implemented 24 input pins
    Info: Implemented 22 output pins
    Info: Implemented 416 logic cells
Info: Quartus II Analysis & Synthesis was successful. 0 errors, 28 warnings
    Info: Peak virtual memory: 188 megabytes
    Info: Processing ended: Fri Mar 06 18:00:03 2015
    Info: Elapsed time: 00:00:04
    Info: Total CPU time (on all processors): 00:00:04


